0 info it worked if it ends with ok
1 verbose cli [ '/Volumes/5T/ServiceData/local/Cellar/node/6.5.0/bin/node',
1 verbose cli   '/usr/local/bin/npm',
1 verbose cli   'start' ]
2 info using npm@3.10.6
3 info using node@v6.5.0
4 verbose run-script [ 'prestart', 'start', 'poststart' ]
5 info lifecycle node-login@1.5.0~prestart: node-login@1.5.0
6 silly lifecycle node-login@1.5.0~prestart: no script for prestart, continuing
7 info lifecycle node-login@1.5.0~start: node-login@1.5.0
8 verbose lifecycle node-login@1.5.0~start: unsafe-perm in lifecycle true
9 verbose lifecycle node-login@1.5.0~start: PATH: /Volumes/5T/ServiceData/local/lib/node_modules/npm/bin/node-gyp-bin:/Volumes/5T/ServiceData/node/node-login-virgin/node_modules/.bin:/Volumes/5T/ServiceData/local/Cellar/node/6.5.0/bin:/Volumes/esp-open-sdk/esp-open-sdk/xtensa-lx106-elf/bin:/usr/local/opt/gnu-sed/libexec/gnubin:/Volumes/esp-open-sdk/esp-open-sdk/xtensa-lx106-elf/bin:/usr/local/opt/gnu-sed/libexec/gnubin:/Volumes/esp-open-sdk/esp-open-sdk/xtensa-lx106-elf/bin:/usr/local/opt/gnu-sed/libexec/gnubin:/Volumes/esp-open-sdk/esp-open-sdk/xtensa-lx106-elf/bin:/usr/local/opt/gnu-sed/libexec/gnubin:/Volumes/esp-open-sdk/esp-open-sdk/xtensa-lx106-elf/bin:/usr/local/opt/gnu-sed/libexec/gnubin:/Volumes/esp-open-sdk/esp-open-sdk/xtensa-lx106-elf/bin:/usr/local/opt/gnu-sed/libexec/gnubin:/Volumes/esp-open-sdk/esp-open-sdk/xtensa-lx106-elf/bin:/usr/local/opt/gnu-sed/libexec/gnubin:/Volumes/esp-open-sdk/esp-open-sdk/xtensa-lx106-elf/bin:/usr/local/opt/gnu-sed/libexec/gnubin:/Volumes/esp-open-sdk/esp-open-sdk/xtensa-lx106-elf/bin:/usr/local/opt/gnu-sed/libexec/gnubin:/Volumes/esp-open-sdk/esp-open-sdk/xtensa-lx106-elf/bin:/usr/local/opt/gnu-sed/libexec/gnubin:/usr/local/bin:/usr/local/sbin:/xbin:/usr/bin:/bin:/usr/sbin:/sbin:/usr/local/go/bin:/usr/local/opt/fzf/bin:/usr/local/go/bin:/usr/local/go/bin:/usr/local/go/bin:/usr/local/go/bin
10 verbose lifecycle node-login@1.5.0~start: CWD: /Volumes/5T/ServiceData/node/node-login-virgin
11 silly lifecycle node-login@1.5.0~start: Args: [ '-c', 'coffee app.coffee' ]
12 silly lifecycle node-login@1.5.0~start: Returned: code: 1  signal: null
13 info lifecycle node-login@1.5.0~start: Failed to exec start script
14 verbose stack Error: node-login@1.5.0 start: `coffee app.coffee`
14 verbose stack Exit status 1
14 verbose stack     at EventEmitter.<anonymous> (/Volumes/5T/ServiceData/local/lib/node_modules/npm/lib/utils/lifecycle.js:255:16)
14 verbose stack     at emitTwo (events.js:106:13)
14 verbose stack     at EventEmitter.emit (events.js:191:7)
14 verbose stack     at ChildProcess.<anonymous> (/Volumes/5T/ServiceData/local/lib/node_modules/npm/lib/utils/spawn.js:40:14)
14 verbose stack     at emitTwo (events.js:106:13)
14 verbose stack     at ChildProcess.emit (events.js:191:7)
14 verbose stack     at maybeClose (internal/child_process.js:877:16)
14 verbose stack     at Process.ChildProcess._handle.onexit (internal/child_process.js:226:5)
15 verbose pkgid node-login@1.5.0
16 verbose cwd /Volumes/5T/ServiceData/node/node-login-virgin
17 error Darwin 15.6.0
18 error argv "/Volumes/5T/ServiceData/local/Cellar/node/6.5.0/bin/node" "/usr/local/bin/npm" "start"
19 error node v6.5.0
20 error npm  v3.10.6
21 error code ELIFECYCLE
22 error node-login@1.5.0 start: `coffee app.coffee`
22 error Exit status 1
23 error Failed at the node-login@1.5.0 start script 'coffee app.coffee'.
23 error Make sure you have the latest version of node.js and npm installed.
23 error If you do, this is most likely a problem with the node-login package,
23 error not with npm itself.
23 error Tell the author that this fails on your system:
23 error     coffee app.coffee
23 error You can get information on how to open an issue for this project with:
23 error     npm bugs node-login
23 error Or if that isn't available, you can get their info via:
23 error     npm owner ls node-login
23 error There is likely additional logging output above.
24 verbose exit [ 1, true ]
